This file contains any messages produced by compilers while
running configure, to aid debugging if configure makes a mistake.

It was created by configure, which was
generated by GNU Autoconf 2.57.  Invocation command line was

  $ ./configure --target=m68k-elf --disable-nls --disable-debug --no-create --no-recursion

## --------- ##
## Platform. ##
## --------- ##

hostname = yan-server-AMD1G
uname -m = i686
uname -r = 2.6.8-1-386
uname -s = Linux
uname -v = #1 Thu Nov 11 12:18:43 EST 2004

/usr/bin/uname -p = unknown
/bin/uname -X     = unknown

/bin/arch              = i686
/usr/bin/arch -k       = unknown
/usr/convex/getsysinfo = unknown
hostinfo               = unknown
/bin/machine           = unknown
/usr/bin/oslevel       = unknown
/bin/universe          = unknown

PATH: /usr/local/bin
PATH: /usr/bin
PATH: /bin
PATH: /usr/bin/X11
PATH: /usr/games
PATH: /home/yan/MainData/workspace/uClinux/tools


## ----------- ##
## Core tests. ##
## ----------- ##

configure:1312: checking build system type
configure:1330: result: i686-pc-linux-gnu
configure:1338: checking host system type
configure:1352: result: i686-pc-linux-gnu
configure:1421: checking whether make sets $(MAKE)
configure:1441: result: yes
configure:1463: checking for a BSD-compatible install
configure:1517: result: /usr/bin/install -c
configure:1579: checking for gcc
configure:1605: result: arm-elf-gcc 
configure:1849: checking for C compiler version
configure:1852: arm-elf-gcc  --version </dev/null >&5
2.95.3
configure:1855: $? = 0
configure:1857: arm-elf-gcc  -v </dev/null >&5
Reading specs from /usr/local/lib/gcc-lib/arm-elf/2.95.3/specs
gcc version 2.95.3 20010315 (release)(ColdFire patches - 20010318 from http://fiddes.net/coldfire/)(uClinux XIP and shared lib patches from http://www.snapgear.com/)
configure:1860: $? = 0
configure:1862: arm-elf-gcc  -V </dev/null >&5
arm-elf-gcc: argument to `-V' is missing
configure:1865: $? = 1
configure:1889: checking for C compiler default output
configure:1892: arm-elf-gcc  -O2 -g -fomit-frame-pointer   -Dlinux -D__linux__ -Dunix -D__uClinux__ -DEMBED -I/home/yan/MainData/workspace/uClinux/lib/uClibc/include -I/home/yan/MainData/workspace/uClinux/lib/libm -I/home/yan/MainData/workspace/uClinux/lib/libcrypt_old -I/home/yan/MainData/workspace/uClinux -fno-builtin -nostartfiles -I/home/yan/MainData/workspace/uClinux/linux-2.4.x/include -O  -O2 -g -fomit-frame-pointer   -Dlinux -D__linux__ -Dunix -D__uClinux__ -DEMBED -I/home/yan/MainData/workspace/uClinux/lib/uClibc/include -I/home/yan/MainData/workspace/uClinux/lib/libm -I/home/yan/MainData/workspace/uClinux/lib/libcrypt_old -I/home/yan/MainData/workspace/uClinux -fno-builtin -nostartfiles -I/home/yan/MainData/workspace/uClinux/linux-2.4.x/include -Wl,-elf2flt /home/yan/MainData/workspace/uClinux/lib/uClibc/lib/crt0.o /home/yan/MainData/workspace/uClinux/lib/uClibc/lib/crti.o /home/yan/MainData/workspace/uClinux/lib/uClibc/lib/crtn.o -L/home/yan/MainData/workspace/uClinux/lib/uClibc/. -L/home/yan/MainData/workspace/uClinux/lib/uClibc/lib -L/home/yan/MainData/workspace/uClinux/lib/libm -L/home/yan/MainData/workspace/uClinux/lib/libnet -L/home/yan/MainData/workspace/uClinux/lib/libdes -L/home/yan/MainData/workspace/uClinux/lib/libaes -L/home/yan/MainData/workspace/uClinux/lib/libpcap -L/home/yan/MainData/workspace/uClinux/lib/libcrypt_old -L/home/yan/MainData/workspace/uClinux/lib/libssl -L/home/yan/MainData/workspace/uClinux/lib/zlib  conftest.c  >&5
arm-elf-gcc: /home/yan/MainData/workspace/uClinux/lib/uClibc/lib/crt0.o: No such file or directory
arm-elf-gcc: /home/yan/MainData/workspace/uClinux/lib/uClibc/lib/crti.o: No such file or directory
arm-elf-gcc: /home/yan/MainData/workspace/uClinux/lib/uClibc/lib/crtn.o: No such file or directory
cc1: warning: -g with -fomit-frame-pointer may not give sensible debugging
configure:1895: $? = 1
configure: failed program was:
| #line 1868 "configure"
| /* confdefs.h.  */
| 
| #define PACKAGE_NAME ""
| #define PACKAGE_TARNAME ""
| #define PACKAGE_VERSION ""
| #define PACKAGE_STRING ""
| #define PACKAGE_BUGREPORT ""
| #define OS_TYPE "linux-gnu"
| #define USE_OPIE 1
| #define USE_DIGEST 1
| /* end confdefs.h.  */
| 
| int
| main ()
| {
| 
|   ;
|   return 0;
| }
configure:1934: error: C compiler cannot create executables
See `config.log' for more details.

## ---------------- ##
## Cache variables. ##
## ---------------- ##

ac_cv_build=i686-pc-linux-gnu
ac_cv_build_alias=i686-pc-linux-gnu
ac_cv_env_CC_set=set
ac_cv_env_CC_value='arm-elf-gcc '
ac_cv_env_CFLAGS_set=set
ac_cv_env_CFLAGS_value='-O2 -g -fomit-frame-pointer   -Dlinux -D__linux__ -Dunix -D__uClinux__ -DEMBED -I/home/yan/MainData/workspace/uClinux/lib/uClibc/include -I/home/yan/MainData/workspace/uClinux/lib/libm -I/home/yan/MainData/workspace/uClinux/lib/libcrypt_old -I/home/yan/MainData/workspace/uClinux -fno-builtin -nostartfiles -I/home/yan/MainData/workspace/uClinux/linux-2.4.x/include -O'
ac_cv_env_CPPFLAGS_set=
ac_cv_env_CPPFLAGS_value=
ac_cv_env_CPP_set=
ac_cv_env_CPP_value=
ac_cv_env_LDFLAGS_set=set
ac_cv_env_LDFLAGS_value='-O2 -g -fomit-frame-pointer   -Dlinux -D__linux__ -Dunix -D__uClinux__ -DEMBED -I/home/yan/MainData/workspace/uClinux/lib/uClibc/include -I/home/yan/MainData/workspace/uClinux/lib/libm -I/home/yan/MainData/workspace/uClinux/lib/libcrypt_old -I/home/yan/MainData/workspace/uClinux -fno-builtin -nostartfiles -I/home/yan/MainData/workspace/uClinux/linux-2.4.x/include -Wl,-elf2flt /home/yan/MainData/workspace/uClinux/lib/uClibc/lib/crt0.o /home/yan/MainData/workspace/uClinux/lib/uClibc/lib/crti.o /home/yan/MainData/workspace/uClinux/lib/uClibc/lib/crtn.o -L/home/yan/MainData/workspace/uClinux/lib/uClibc/. -L/home/yan/MainData/workspace/uClinux/lib/uClibc/lib -L/home/yan/MainData/workspace/uClinux/lib/libm -L/home/yan/MainData/workspace/uClinux/lib/libnet -L/home/yan/MainData/workspace/uClinux/lib/libdes -L/home/yan/MainData/workspace/uClinux/lib/libaes -L/home/yan/MainData/workspace/uClinux/lib/libpcap -L/home/yan/MainData/workspace/uClinux/lib/libcrypt_old -L/home/yan/MainData/workspace/uClinux/lib/libssl -L/home/yan/MainData/workspace/uClinux/lib/zlib '
ac_cv_env_build_alias_set=
ac_cv_env_build_alias_value=
ac_cv_env_host_alias_set=
ac_cv_env_host_alias_value=
ac_cv_env_target_alias_set=set
ac_cv_env_target_alias_value=m68k-elf
ac_cv_host=i686-pc-linux-gnu
ac_cv_host_alias=i686-pc-linux-gnu
ac_cv_path_install='/usr/bin/install -c'
ac_cv_prog_ac_ct_CC='arm-elf-gcc '
ac_cv_prog_make_make_set=yes

## ----------------- ##
## Output variables. ##
## ----------------- ##

ALLOCA=''
ANSI2KNR=''
CATALOGS=''
CATOBJEXT=''
CC='arm-elf-gcc '
CFLAGS='-O2 -g -fomit-frame-pointer   -Dlinux -D__linux__ -Dunix -D__uClinux__ -DEMBED -I/home/yan/MainData/workspace/uClinux/lib/uClibc/include -I/home/yan/MainData/workspace/uClinux/lib/libm -I/home/yan/MainData/workspace/uClinux/lib/libcrypt_old -I/home/yan/MainData/workspace/uClinux -fno-builtin -nostartfiles -I/home/yan/MainData/workspace/uClinux/linux-2.4.x/include -O'
CPP=''
CPPFLAGS=''
DATADIRNAME=''
DEFS=''
ECHO_C=''
ECHO_N='-n'
ECHO_T=''
EGREP=''
EXEEXT=''
GMOFILES=''
GMSGFMT=''
HAVE_NLS=''
INSTALL_DATA='${INSTALL} -m 644'
INSTALL_PROGRAM='${INSTALL}'
INSTALL_SCRIPT='${INSTALL}'
INSTOBJEXT=''
INTLLIBS=''
LDFLAGS='-O2 -g -fomit-frame-pointer   -Dlinux -D__linux__ -Dunix -D__uClinux__ -DEMBED -I/home/yan/MainData/workspace/uClinux/lib/uClibc/include -I/home/yan/MainData/workspace/uClinux/lib/libm -I/home/yan/MainData/workspace/uClinux/lib/libcrypt_old -I/home/yan/MainData/workspace/uClinux -fno-builtin -nostartfiles -I/home/yan/MainData/workspace/uClinux/linux-2.4.x/include -Wl,-elf2flt /home/yan/MainData/workspace/uClinux/lib/uClibc/lib/crt0.o /home/yan/MainData/workspace/uClinux/lib/uClibc/lib/crti.o /home/yan/MainData/workspace/uClinux/lib/uClibc/lib/crtn.o -L/home/yan/MainData/workspace/uClinux/lib/uClibc/. -L/home/yan/MainData/workspace/uClinux/lib/uClibc/lib -L/home/yan/MainData/workspace/uClinux/lib/libm -L/home/yan/MainData/workspace/uClinux/lib/libnet -L/home/yan/MainData/workspace/uClinux/lib/libdes -L/home/yan/MainData/workspace/uClinux/lib/libaes -L/home/yan/MainData/workspace/uClinux/lib/libpcap -L/home/yan/MainData/workspace/uClinux/lib/libcrypt_old -L/home/yan/MainData/workspace/uClinux/lib/libssl -L/home/yan/MainData/workspace/uClinux/lib/zlib '
LIBOBJS=''
LIBS=''
LTLIBOBJS=''
MAKEINFO=''
MD5_OBJ='md5$o'
MSGFMT=''
OBJEXT=''
OPIE_OBJ='ftp-opie$o'
PACKAGE='wget'
PACKAGE_BUGREPORT=''
PACKAGE_NAME=''
PACKAGE_STRING=''
PACKAGE_TARNAME=''
PACKAGE_VERSION=''
PATH_SEPARATOR=':'
POFILES=''
SET_MAKE=''
SHELL='/bin/sh'
U=''
USE_NLS=''
VERSION='1.6'
XGETTEXT=''
ac_ct_CC='arm-elf-gcc '
bindir='${exec_prefix}/bin'
build='i686-pc-linux-gnu'
build_alias=''
build_cpu='i686'
build_os='linux-gnu'
build_vendor='pc'
datadir='${prefix}/share'
exec_prefix='NONE'
exeext=''
host='i686-pc-linux-gnu'
host_alias=''
host_cpu='i686'
host_os='linux-gnu'
host_vendor='pc'
includedir='${prefix}/include'
infodir='${prefix}/info'
libdir='${exec_prefix}/lib'
libexecdir='${exec_prefix}/libexec'
localstatedir='${prefix}/var'
mandir='${prefix}/man'
oldincludedir='/usr/include'
prefix='NONE'
program_transform_name='s,x,x,'
sbindir='${exec_prefix}/sbin'
sharedstatedir='${prefix}/com'
sysconfdir='${prefix}/etc'
target_alias='m68k-elf'

## ----------- ##
## confdefs.h. ##
## ----------- ##

#define OS_TYPE "linux-gnu"
#define PACKAGE_BUGREPORT ""
#define PACKAGE_NAME ""
#define PACKAGE_STRING ""
#define PACKAGE_TARNAME ""
#define PACKAGE_VERSION ""
#define USE_DIGEST 1
#define USE_OPIE 1

configure: exit 77
