This file contains any messages produced by compilers while
running configure, to aid debugging if configure makes a mistake.

It was created by configure, which was
generated by GNU Autoconf 2.57.  Invocation command line was

  $ ./configure -C --disable-HOPFSERIAL --disable-HOPFPCI --disable-BANCOMM --disable-GPSVME --disable-SHM --disable-all-clocks --disable-ACTS --disable-ARBITER --disable-ARCRON-MSF --disable-ATOM --disable-AS2201 --disable-CHU --disable-AUDIO-CHU --disable-DATUM --disable-FG --disable-HEATH --disable-HPGPS --disable-IRIG --disable-JJY --disable-LEITCH --disable-LOCAL-CLOCK --disable-MSFEES --disable-MX4200 --disable-NMEA --disable-ONCORE --disable-PALISADE --disable-PST --disable-JUPITER --disable-PTBACTS --disable-TPRO --disable-TRAK --disable-CHRONOLOG --disable-DUMBCLOCK --disable-PCF --disable-SPECTRACOM --disable-TRUETIME --disable-ULINK --disable-WWV --disable-USNO --disable-parse-clocks --disable-COMPUTIME --disable-DCF7000 --disable-HOPF6021 --disable-MEINBERG --disable-RAWDCF --disable-RCC8000 --disable-SCHMID --disable-TRIMTAIP --disable-TRIMTSIP --disable-WHARTON --disable-VARITEXT --disable-kmem --without-openssl-libdir --without-openssl-incdir --without-crypto --without-electricfence --no-create --no-recursion

## --------- ##
## Platform. ##
## --------- ##

hostname = yan-server-AMD1G
uname -m = i686
uname -r = 2.6.8-1-386
uname -s = Linux
uname -v = #1 Thu Nov 11 12:18:43 EST 2004

/usr/bin/uname -p = unknown
/bin/uname -X     = unknown

/bin/arch              = i686
/usr/bin/arch -k       = unknown
/usr/convex/getsysinfo = unknown
hostinfo               = unknown
/bin/machine           = unknown
/usr/bin/oslevel       = unknown
/bin/universe          = unknown

PATH: /usr/local/bin
PATH: /usr/bin
PATH: /bin
PATH: /usr/bin/X11
PATH: /usr/games
PATH: /home/yan/MainData/workspace/uClinux/tools


## ----------- ##
## Core tests. ##
## ----------- ##

configure:1255: loading cache config.cache
configure:1374: checking build system type
configure:1392: result: i686-pc-linux-gnu
configure:1400: checking host system type
configure:1414: result: i686-pc-linux-gnu
configure:1422: checking target system type
configure:1436: result: i686-pc-linux-gnu
configure:1486: checking for a BSD-compatible install
configure:1540: result: /usr/bin/install -c
configure:1551: checking whether build environment is sane
configure:1594: result: yes
configure:1614: checking for gawk
configure:1640: result: mawk
configure:1650: checking whether make sets $(MAKE)
configure:1670: result: yes
configure:1868: checking for gcc
configure:1894: result: gcc
configure:2138: checking for C compiler version
configure:2141: gcc --version </dev/null >&5
gcc (GCC) 3.3.5 (Debian 1:3.3.5-5)
Copyright (C) 2003 Free Software Foundation, Inc.
This is free software; see the source for copying conditions.  There is NO
warranty; not even for MERCHANTABILITY or FITNESS FOR A PARTICULAR PURPOSE.

configure:2144: $? = 0
configure:2146: gcc -v </dev/null >&5
Reading specs from /usr/lib/gcc-lib/i486-linux/3.3.5/specs
Configured with: ../src/configure -v --enable-languages=c,c++,java,f77,pascal,objc,ada,treelang --prefix=/usr --mandir=/usr/share/man --infodir=/usr/share/info --with-gxx-include-dir=/usr/include/c++/3.3 --enable-shared --with-system-zlib --enable-nls --without-included-gettext --enable-__cxa_atexit --enable-clocale=gnu --enable-debug --enable-java-gc=boehm --enable-java-awt=xlib --enable-objc-gc i486-linux
Thread model: posix
gcc version 3.3.5 (Debian 1:3.3.5-5)
configure:2149: $? = 0
configure:2151: gcc -V </dev/null >&5
gcc: `-V' option must have argument
configure:2154: $? = 1
configure:2178: checking for C compiler default output
configure:2181: gcc    conftest.c  >&5
configure:2184: $? = 0
configure:2230: result: a.out
configure:2235: checking whether the C compiler works
configure:2241: ./a.out
configure:2244: $? = 0
configure:2261: result: yes
configure:2268: checking whether we are cross compiling
configure:2270: result: no
configure:2273: checking for suffix of executables
configure:2275: gcc -o conftest    conftest.c  >&5
configure:2278: $? = 0
configure:2303: result: 
configure:2309: checking for suffix of object files
configure:2356: result: o
configure:2360: checking whether we are using the GNU C compiler
configure:2407: result: yes
configure:2413: checking whether gcc accepts -g
configure:2455: result: yes
configure:2472: checking for gcc option to accept ANSI C
configure:2560: result: none needed
configure:2578: gcc -c -g -O2  conftest.c >&5
conftest.c:2: error: parse error before "me"
configure:2581: $? = 1
configure: failed program was:
| #ifndef __cplusplus
|   choke me
| #endif
configure:2709: checking for style of include used by make
configure:2737: result: GNU
configure:2765: checking dependency style of gcc
configure:2827: result: gcc
configure:2838: checking how to run the C preprocessor
configure:2956: result: gcc -E
configure:2981: gcc -E  conftest.c
configure:2987: $? = 0
configure:3019: gcc -E  conftest.c
configure:3021:28: ac_nonexistent.h: No such file or directory
configure:3025: $? = 1
configure: failed program was:
| #line 3010 "configure"
| /* confdefs.h.  */
| 
| #define PACKAGE_NAME ""
| #define PACKAGE_TARNAME ""
| #define PACKAGE_VERSION ""
| #define PACKAGE_STRING ""
| #define PACKAGE_BUGREPORT ""
| #define STR_SYSTEM "i686-pc-linux-gnu"
| #define PACKAGE "ntp"
| #define VERSION "4.1.1"
| /* end confdefs.h.  */
| #include <ac_nonexistent.h>
configure:3115: checking for gawk
configure:3141: result: mawk
configure:3151: checking whether make sets $(MAKE)
configure:3171: result: yes
configure:3197: checking whether gcc -pipe works
configure:3211: result: yes
configure:3271: checking whether ln -s works
configure:3275: result: yes
configure:3284: checking for egrep
configure:3294: result: grep -E
configure:3300: checking whether gcc needs -traditional
configure:3344: result: no
configure:3352: checking for AIX
configure:3375: result: no
configure:3381: checking for ANSI C header files
configure:3528: result: yes
configure:3552: checking for sys/types.h
configure:3589: result: yes
configure:3552: checking for sys/stat.h
configure:3589: result: yes
configure:3552: checking for stdlib.h
configure:3589: result: yes
configure:3552: checking for string.h
configure:3589: result: yes
configure:3552: checking for memory.h
configure:3589: result: yes
configure:3552: checking for strings.h
configure:3589: result: yes
configure:3552: checking for inttypes.h
configure:3589: result: yes
configure:3552: checking for stdint.h
configure:3589: result: yes
configure:3552: checking for unistd.h
configure:3589: result: yes
configure:3602: checking for minix/config.h
configure:3607: result: no
configure:3756: checking for strerror in -lcposix
configure:3787: gcc -o conftest -g -O2 -Wall -Wcast-qual -Wmissing-prototypes -Wpointer-arith -Wshadow -Wstrict-prototypes -pipe   conftest.c -lcposix   >&5
configure:3791: warning: function declaration isn't a prototype
configure:3794: warning: function declaration isn't a prototype
/usr/bin/ld: cannot find -lcposix
collect2: ld returned 1 exit status
configure:3790: $? = 1
configure: failed program was:
| #line 3763 "configure"
| /* confdefs.h.  */
| 
| #define PACKAGE_NAME ""
| #define PACKAGE_TARNAME ""
| #define PACKAGE_VERSION ""
| #define PACKAGE_STRING ""
| #define PACKAGE_BUGREPORT ""
| #define STR_SYSTEM "i686-pc-linux-gnu"
| #define PACKAGE "ntp"
| #define VERSION "4.1.1"
| #define STDC_HEADERS 1
| #define HAVE_SYS_TYPES_H 1
| #define HAVE_SYS_STAT_H 1
| #define HAVE_STDLIB_H 1
| #define HAVE_STRING_H 1
| #define HAVE_MEMORY_H 1
| #define HAVE_STRINGS_H 1
| #define HAVE_INTTYPES_H 1
| #define HAVE_STDINT_H 1
| #define HAVE_UNISTD_H 1
| /* end confdefs.h.  */
| 
| /* Override any gcc2 internal prototype to avoid an error.  */
| #ifdef __cplusplus
| extern "C"
| #endif
| /* We use char because int might match the return type of a gcc2
|    builtin and then its argument prototype would still apply.  */
| char strerror ();
| int
| main ()
| {
| strerror ();
|   ;
|   return 0;
| }
configure:3808: result: no
configure:3857: checking for ranlib
configure:3884: result: ranlib
configure:3898: checking for sh
configure:3928: result: /bin/sh
configure:3937: checking for perl
configure:3967: result: /usr/bin/perl
configure:4039: checking for a BSD-compatible install
configure:4093: result: /usr/bin/install -c
configure:4168: checking for nlist in -lelf
configure:4220: result: no
configure:4231: checking for main in -lkvm
configure:4277: result: no
configure:4288: checking for nlist in -lld
configure:4340: result: no
configure:4352: checking for nlist in -lmld
configure:4404: result: no
configure:4415: checking for gethostent
configure:4485: result: yes
configure:4556: checking for openlog
configure:4626: result: yes
configure:4763: checking for readline in -lreadline
configure:4815: result: no
configure:4963: checking for setsockopt
configure:5033: result: yes
configure:5105: checking for ANSI C header files
configure:5252: result: yes
configure:5273: checking for bstring.h
configure:5278: result: no
configure:5273: checking for errno.h
configure:5278: result: yes
configure:5273: checking for fcntl.h
configure:5278: result: yes
configure:5273: checking for ieeefp.h
configure:5278: result: no
configure:5273: checking for math.h
configure:5278: result: yes
configure:5273: checking for memory.h
configure:5278: result: yes
configure:5273: checking for netdb.h
configure:5278: result: yes
configure:5421: checking for poll.h
configure:5426: result: yes
configure:5421: checking for resolv.h
configure:5426: result: yes
configure:5421: checking for sched.h
configure:5426: result: yes
configure:5421: checking for sgtty.h
configure:5426: result: yes
configure:5421: checking for stdlib.h
configure:5426: result: yes
configure:5421: checking for string.h
configure:5426: result: yes
configure:5421: checking for termio.h
configure:5426: result: yes
configure:5568: checking for termios.h
configure:5573: result: yes
configure:5568: checking for timepps.h
configure:5573: result: no
configure:5568: checking for timex.h
configure:5573: result: no
configure:5568: checking for unistd.h
configure:5573: result: yes
configure:5568: checking for utmp.h
configure:5573: result: no
configure:5568: checking for utmpx.h
configure:5573: result: no
configure:5712: checking for arpa/nameser.h
configure:5717: result: yes
configure:5712: checking for net/if.h
configure:5717: result: yes
configure:5712: checking for netinet/in_system.h
configure:5717: result: no
configure:5856: checking for netinet/in_systm.h
configure:5861: result: yes
configure:5856: checking for netinet/in.h
configure:5861: result: yes
configure:5856: checking for netinet/ip.h
configure:5861: result: yes
configure:5998: checking for netinfo/ni.h
configure:6003: result: no
configure:6144: checking for sun/audioio.h
configure:6149: result: no
configure:6144: checking for sys/audioio.h
configure:6149: result: no
configure:6287: checking for sys/clkdefs.h
configure:6292: result: no
configure:6287: checking for sys/file.h
configure:6292: result: yes
configure:6431: checking for sys/ioctl.h
configure:6436: result: yes
configure:6579: checking for sys/lock.h
configure:6584: result: no
configure:6579: checking for sys/mman.h
configure:6584: result: yes
configure:6579: checking for sys/modem.h
configure:6584: result: no
configure:6579: checking for sys/param.h
configure:6584: result: yes
configure:6579: checking for sys/ppsclock.h
configure:6584: result: no
configure:6724: checking for sys/ppstime.h
configure:6729: result: no
configure:6724: checking for sys/proc.h
configure:6729: result: no
configure:6724: checking for sys/resource.h
configure:6729: result: yes
configure:6724: checking for sys/sched.h
configure:6729: result: no
configure:7016: checking for sys/select.h
configure:7021: result: yes
configure:7016: checking for sys/signal.h
configure:7021: result: yes
configure:7016: checking for sys/sockio.h
configure:7021: result: no
configure:7016: checking for sys/stat.h
configure:7021: result: yes
configure:7016: checking for sys/stream.h
configure:7021: result: no
configure:7161: checking for sys/stropts.h
configure:7166: result: no
configure:7161: checking for sys/sysctl.h
configure:7166: result: yes
configure:7161: checking for sys/syssgi.h
configure:7166: result: no
configure:7161: checking for sys/termios.h
configure:7166: result: yes
configure:7303: checking for sys/time.h
configure:7308: result: yes

## ---------------- ##
## Cache variables. ##
## ---------------- ##

ac_cv_arg_setpgrp_negpid=yes
ac_cv_build=i686-pc-linux-gnu
ac_cv_build_alias=i686-pc-linux-gnu
ac_cv_c_bigendian=no
ac_cv_c_char_unsigned=no
ac_cv_c_compiler_gnu=yes
ac_cv_c_const=yes
ac_cv_c_inline=inline
ac_cv_c_volatile=yes
ac_cv_decl_errno=no
ac_cv_decl_h_errno=yes
ac_cv_decl_sys_errlist=no
ac_cv_decl_syscall=no
ac_cv_env_CC_set=
ac_cv_env_CC_value=
ac_cv_env_CFLAGS_set=
ac_cv_env_CFLAGS_value=
ac_cv_env_CPPFLAGS_set=
ac_cv_env_CPPFLAGS_value=
ac_cv_env_CPP_set=
ac_cv_env_CPP_value=
ac_cv_env_LDFLAGS_set=
ac_cv_env_LDFLAGS_value=
ac_cv_env_build_alias_set=
ac_cv_env_build_alias_value=
ac_cv_env_host_alias_set=
ac_cv_env_host_alias_value=
ac_cv_env_target_alias_set=
ac_cv_env_target_alias_value=
ac_cv_exeext=
ac_cv_func_K_open=no
ac_cv_func_Xettimeofday_nargs=2
ac_cv_func___adjtimex=yes
ac_cv_func___ntp_gettime=no
ac_cv_func_clock_gettime=no
ac_cv_func_clock_settime=no
ac_cv_func_ctty_for_f_setown=no
ac_cv_func_daemon=yes
ac_cv_func_finite=yes
ac_cv_func_getbootfile=no
ac_cv_func_getclock=no
ac_cv_func_getdtablesize=yes
ac_cv_func_gethostent=yes
ac_cv_func_getrusage=yes
ac_cv_func_gettimeofday=yes
ac_cv_func_getuid=yes
ac_cv_func_hstrerror=yes
ac_cv_func_kvm_open=no
ac_cv_func_memcpy=yes
ac_cv_func_memmove=yes
ac_cv_func_memset=yes
ac_cv_func_mkstemp=yes
ac_cv_func_mktime=yes
ac_cv_func_mlockall=yes
ac_cv_func_mrand48=yes
ac_cv_func_nice=yes
ac_cv_func_nlist=no
ac_cv_func_ntp_adjtime=yes
ac_cv_func_ntp_gettime=yes
ac_cv_func_openlog=yes
ac_cv_func_plock=no
ac_cv_func_pututline=no
ac_cv_func_pututxline=no
ac_cv_func_qsort_argtype=void
ac_cv_func_readlink=yes
ac_cv_func_rtprio=no
ac_cv_func_sched_setscheduler=yes
ac_cv_func_setlinebuf=yes
ac_cv_func_setpgid=yes
ac_cv_func_setpgrp_nargs=0
ac_cv_func_setpriority=yes
ac_cv_func_setsid=yes
ac_cv_func_setsockopt=yes
ac_cv_func_settimeofday=yes
ac_cv_func_setvbuf=yes
ac_cv_func_sigaction=yes
ac_cv_func_sigset=yes
ac_cv_func_sigsuspend=yes
ac_cv_func_sigvec=yes
ac_cv_func_snprintf=yes
ac_cv_func_srand48=yes
ac_cv_func_stime=yes
ac_cv_func_strchr=yes
ac_cv_func_strdup=yes
ac_cv_func_strerror=yes
ac_cv_func_sysconf=yes
ac_cv_func_sysctl=yes
ac_cv_func_timer_create=no
ac_cv_func_timer_settime=no
ac_cv_func_umask=yes
ac_cv_func_uname=yes
ac_cv_func_updwtmp=no
ac_cv_func_updwtmpx=no
ac_cv_func_vsprintf=yes
ac_cv_have_prototypes=yes
ac_cv_hdr_def_sigio=yes
ac_cv_hdr_def_sigpoll=yes
ac_cv_hdr_def_sigsys=yes
ac_cv_header_arpa_nameser_h=yes
ac_cv_header_bstring_h=no
ac_cv_header_errno_h=yes
ac_cv_header_fcntl_h=yes
ac_cv_header_ieeefp_h=no
ac_cv_header_inttypes_h=yes
ac_cv_header_linux_serial_h=yes
ac_cv_header_math_h=yes
ac_cv_header_memory_h=yes
ac_cv_header_minix_config_h=no
ac_cv_header_net_if_h=yes
ac_cv_header_netdb_h=yes
ac_cv_header_netinet_in_h=yes
ac_cv_header_netinet_in_system_h=no
ac_cv_header_netinet_in_systm_h=yes
ac_cv_header_netinet_ip_h=yes
ac_cv_header_netinfo_ni_h=no
ac_cv_header_nlist_h=no
ac_cv_header_poll_h=yes
ac_cv_header_resolv_h=yes
ac_cv_header_sched_h=yes
ac_cv_header_sgtty_h=yes
ac_cv_header_stdc=yes
ac_cv_header_stdint_h=yes
ac_cv_header_stdlib_h=yes
ac_cv_header_string_h=yes
ac_cv_header_strings_h=yes
ac_cv_header_sun_audioio_h=no
ac_cv_header_sys_audioio_h=no
ac_cv_header_sys_clkdefs_h=no
ac_cv_header_sys_file_h=yes
ac_cv_header_sys_ioctl_h=yes
ac_cv_header_sys_lock_h=no
ac_cv_header_sys_mman_h=yes
ac_cv_header_sys_modem_h=no
ac_cv_header_sys_param_h=yes
ac_cv_header_sys_ppsclock_h=no
ac_cv_header_sys_ppstime_h=no
ac_cv_header_sys_proc_h=no
ac_cv_header_sys_resource_h=yes
ac_cv_header_sys_sched_h=no
ac_cv_header_sys_select_h=yes
ac_cv_header_sys_signal_h=yes
ac_cv_header_sys_sockio_h=no
ac_cv_header_sys_stat_h=yes
ac_cv_header_sys_stream_h=no
ac_cv_header_sys_stropts_h=no
ac_cv_header_sys_sysctl_h=yes
ac_cv_header_sys_syssgi_h=no
ac_cv_header_sys_termios_h=yes
ac_cv_header_sys_time_h=yes
ac_cv_header_sys_timers_h=no
ac_cv_header_sys_timex_h=yes
ac_cv_header_sys_tpro_h=no
ac_cv_header_sys_types_h=yes
ac_cv_header_sys_wait_h=yes
ac_cv_header_termio_h=yes
ac_cv_header_termios_h=yes
ac_cv_header_time=yes
ac_cv_header_timepps_h=no
ac_cv_header_timex_h=no
ac_cv_header_unistd_h=yes
ac_cv_header_utmp_h=no
ac_cv_header_utmpx_h=no
ac_cv_host=i686-pc-linux-gnu
ac_cv_host_alias=i686-pc-linux-gnu
ac_cv_lib_cposix_strerror=no
ac_cv_lib_elf_nlist=no
ac_cv_lib_kvm_main=no
ac_cv_lib_ld_nlist=no
ac_cv_lib_mld_nlist=no
ac_cv_lib_readline_readline=no
ac_cv_make_ntptime=yes
ac_cv_make_tickadj=yes
ac_cv_make_timetrim=no
ac_cv_member_struct_ntptimeval_time_tv_nsec=no
ac_cv_objext=o
ac_cv_path_PATH_PERL=/usr/bin/perl
ac_cv_path_PATH_SH=/bin/sh
ac_cv_path_install='/usr/bin/install -c'
ac_cv_prog_AWK=mawk
ac_cv_prog_CPP='gcc -E'
ac_cv_prog_ac_ct_CC=gcc
ac_cv_prog_ac_ct_RANLIB=ranlib
ac_cv_prog_cc_g=yes
ac_cv_prog_cc_pipe=yes
ac_cv_prog_cc_stdc=
ac_cv_prog_egrep='grep -E'
ac_cv_prog_gcc_traditional=no
ac_cv_prog_make_make_set=yes
ac_cv_sizeof_int=4
ac_cv_sizeof_long=4
ac_cv_sizeof_signed_char=1
ac_cv_struct_clockinfo_has_hz=no
ac_cv_struct_clockinfo_has_tickadj=no
ac_cv_struct_ntptimeval=yes
ac_cv_struct_ppsclockev=no
ac_cv_struct_sigaction_has_sa_sigaction=yes
ac_cv_struct_sockaddr_has_sa_len=no
ac_cv_struct_timespec=yes
ac_cv_struct_tm=time.h
ac_cv_target=i686-pc-linux-gnu
ac_cv_target_alias=i686-pc-linux-gnu
ac_cv_type_int=yes
ac_cv_type_long=yes
ac_cv_type_off_t=yes
ac_cv_type_s_char=no
ac_cv_type_signal=void
ac_cv_type_signed_char=yes
ac_cv_type_size_t=yes
ac_cv_type_time_t=yes
ac_cv_type_uid_t=yes
ac_cv_var_adjtime_is_accurate=yes
ac_cv_var_atom_ok=no
ac_cv_var_can_kmem=no
ac_cv_var_default_hz=100
ac_cv_var_hpux_findconfig=no
ac_cv_var_kernel_fll_bug=no
ac_cv_var_kernel_pll=yes
ac_cv_var_mcast=yes
ac_cv_var_min_rec_tickadj=no
ac_cv_var_nlist_dosynctodr=_dosynctodr
ac_cv_var_nlist_extra_indirection=no
ac_cv_var_nlist_noprintf=_noprintf
ac_cv_var_nlist_tick=_tick
ac_cv_var_nlist_tickadj=_tickadj
ac_cv_var_no_parenb_ignpar=yes
ac_cv_var_ntp_syscalls=libc
ac_cv_var_ntpdate_step=no
ac_cv_var_oncore_ok=no
ac_cv_var_open_bcast_socket=no
ac_cv_var_override_hz=no
ac_cv_var_ppsclock=no
ac_cv_var_rawdcf_parity=no
ac_cv_var_rcvbuf_slop=no
ac_cv_var_signalled_io=no
ac_cv_var_size_returned_in_buffer=no
ac_cv_var_slew_always=no
ac_cv_var_sta_fll=yes
ac_cv_var_step_slew=no
ac_cv_var_streams_tli=no
ac_cv_var_sync_todr=no
ac_cv_var_syscall_bug=no
ac_cv_var_tick=txc.tick
ac_cv_var_tick_nano=usec
ac_cv_var_tickadj=500/hz
ac_cv_var_tickadj_nano=usec
ac_cv_var_udp_wildcard_delivery=yes
ac_cv_var_use_streams_device_for_ifconfig=no
ac_cv_var_use_tty_sigpoll=no
ac_cv_var_use_udp_sigpoll=no
am_cv_CC_dependencies_compiler_type=gcc
am_cv_prog_cc_stdc=

## ----------------- ##
## Output variables. ##
## ----------------- ##

ACLOCAL='${SHELL} /home/yan/MainData/workspace/uClinux/user/ntp/missing --run aclocal-1.6'
AMDEPBACKSLASH='\'
AMDEP_FALSE='#'
AMDEP_TRUE=''
AMTAR='${SHELL} /home/yan/MainData/workspace/uClinux/user/ntp/missing --run tar'
ANSI2KNR=''
AUTOCONF='${SHELL} /home/yan/MainData/workspace/uClinux/user/ntp/missing --run autoconf'
AUTOHEADER='${SHELL} /home/yan/MainData/workspace/uClinux/user/ntp/missing --run autoheader'
AUTOKEY=''
AUTOMAKE='${SHELL} /home/yan/MainData/workspace/uClinux/user/ntp/missing --run automake-1.6'
AWK='mawk'
CC='gcc'
CCDEPMODE='depmode=gcc'
CFLAGS='-g -O2 -Wall -Wcast-qual -Wmissing-prototypes -Wpointer-arith -Wshadow -Wstrict-prototypes -pipe'
CHUTEST=''
CLKTEST=''
CPP='gcc -E'
CPPFLAGS=''
DCFD=''
DEFS=''
DEPDIR='.deps'
ECHO_C=''
ECHO_N='-n'
ECHO_T=''
EF_LIBS=''
EF_PROGS=''
EGREP='grep -E'
EXEEXT=''
INSTALL_DATA='${INSTALL} -m 644'
INSTALL_PROGRAM='${INSTALL}'
INSTALL_SCRIPT='${INSTALL}'
INSTALL_STRIP_PROGRAM='${SHELL} $(install_sh) -c -s'
LDFLAGS=''
LIBOBJS=''
LIBPARSE=''
LIBRSAREF=''
LIBS=''
LN_S='ln -s'
LTLIBOBJS=''
MAKEINFO='${SHELL} /home/yan/MainData/workspace/uClinux/user/ntp/missing --run makeinfo'
MAKE_ADJTIMED=''
MAKE_CHECK_Y2K=''
MAKE_LIBPARSE=''
MAKE_LIBPARSE_KERNEL=''
MAKE_LIBRSAREF=''
MAKE_NTPTIME=''
MAKE_NTP_GENKEYS=''
MAKE_PARSEKMODULE=''
MAKE_TICKADJ=''
MAKE_TIMETRIM=''
OBJEXT='o'
OPENSSL=''
OPENSSL_INC=''
OPENSSL_LIB=''
PACKAGE='ntp'
PACKAGE_BUGREPORT=''
PACKAGE_NAME=''
PACKAGE_STRING=''
PACKAGE_TARNAME=''
PACKAGE_VERSION=''
PATH_PERL='/usr/bin/perl'
PATH_SEPARATOR=':'
PATH_SH='/bin/sh'
PROPDELAY=''
RANLIB='ranlib'
RSADIR=''
RSAOBJS=''
RSAREF=''
RSASRCS=''
SET_MAKE=''
SHELL='/bin/sh'
STRIP=''
TESTDCF=''
U=''
VERSION='4.1.1'
ac_ct_CC='gcc'
ac_ct_RANLIB='ranlib'
ac_ct_STRIP=''
am__include='include'
am__quote=''
bindir='${exec_prefix}/bin'
build='i686-pc-linux-gnu'
build_alias=''
build_cpu='i686'
build_os='linux-gnu'
build_vendor='pc'
datadir='${prefix}/share'
exec_prefix='NONE'
host='i686-pc-linux-gnu'
host_alias=''
host_cpu='i686'
host_os='linux-gnu'
host_vendor='pc'
includedir='${prefix}/include'
infodir='${prefix}/info'
install_sh='/home/yan/MainData/workspace/uClinux/user/ntp/install-sh'
libdir='${exec_prefix}/lib'
libexecdir='${exec_prefix}/libexec'
localstatedir='${prefix}/var'
mandir='${prefix}/man'
oldincludedir='/usr/include'
prefix='NONE'
program_transform_name='s,x,x,'
sbindir='${exec_prefix}/sbin'
sharedstatedir='${prefix}/com'
sysconfdir='${prefix}/etc'
target='i686-pc-linux-gnu'
target_alias=''
target_cpu='i686'
target_os='linux-gnu'
target_vendor='pc'

## ----------- ##
## confdefs.h. ##
## ----------- ##

#define HAVE_ARPA_NAMESER_H 1
#define HAVE_ERRNO_H 1
#define HAVE_FCNTL_H 1
#define HAVE_INTTYPES_H 1
#define HAVE_MATH_H 1
#define HAVE_MEMORY_H 1
#define HAVE_MEMORY_H 1
#define HAVE_NETDB_H 1
#define HAVE_NETINET_IN_H 1
#define HAVE_NETINET_IN_SYSTM_H 1
#define HAVE_NETINET_IP_H 1
#define HAVE_NET_IF_H 1
#define HAVE_POLL_H 1
#define HAVE_RESOLV_H 1
#define HAVE_SCHED_H 1
#define HAVE_SGTTY_H 1
#define HAVE_STDINT_H 1
#define HAVE_STDLIB_H 1
#define HAVE_STDLIB_H 1
#define HAVE_STRINGS_H 1
#define HAVE_STRING_H 1
#define HAVE_STRING_H 1
#define HAVE_SYS_FILE_H 1
#define HAVE_SYS_IOCTL_H 1
#define HAVE_SYS_MMAN_H 1
#define HAVE_SYS_PARAM_H 1
#define HAVE_SYS_RESOURCE_H 1
#define HAVE_SYS_SELECT_H 1
#define HAVE_SYS_SIGNAL_H 1
#define HAVE_SYS_STAT_H 1
#define HAVE_SYS_STAT_H 1
#define HAVE_SYS_SYSCTL_H 1
#define HAVE_SYS_TERMIOS_H 1
#define HAVE_SYS_TIME_H 1
#define HAVE_SYS_TYPES_H 1
#define HAVE_TERMIOS_H 1
#define HAVE_TERMIO_H 1
#define HAVE_UNISTD_H 1
#define HAVE_UNISTD_H 1
#define PACKAGE "ntp"
#define PACKAGE_BUGREPORT ""
#define PACKAGE_NAME ""
#define PACKAGE_STRING ""
#define PACKAGE_TARNAME ""
#define PACKAGE_VERSION ""
#define STDC_HEADERS 1
#define STDC_HEADERS 1
#define STR_SYSTEM "i686-pc-linux-gnu"
#define ULONG_CONST(a) a ## UL
#define VERSION "4.1.1"

configure: exit 258
