                        .module main.c
                        .area text(rom, con, rel)
 0000                   .dbfile ./main.c
 0000                   .dbfunc e main _main fV
 0000           _main::
 0000                   .dbline -1
 0000                   .dbline 10
 0000           ; /*
 0000           ;  *    linlike8/arch/cypress_psoc/boot/boot.c
 0000           ;  *
 0000           ;  *    13-04-2004      yan     create this following linux
 0000           ;  *
 0000           ;  *    hardware driver in cpu dependent
 0000           ;  */
 0000           ; 
 0000           ; void main()
 0000           ; {
 0000                   .dbline 13
 0000           ;               // cpu hardware init
 0000           ;               // goto init kernel
 0000           ;       asm("ljmp _start_kernel");//start_kernel();                                     
 0000 7D0000                    ljmp _start_kernel
 0003           
 0003                   .dbline -2
 0003                   .dbline 15
 0003           ;       //for (;;);                                                                     // main should never return here, but just in case, we know what happens.
 0003           ; }
 0003           L1:
 0003                   .dbline 0 ; func end
 0003 7F                ret
 0004                   .dbend
