                        .module setup.c
                        .area text(rom, con, rel)
 0000                   .dbfile ./setup.c
 0000                   .dbfunc e setup_arch _setup_arch fV
 0000           _setup_arch::
 0000                   .dbline -1
 0000                   .dbline 22
 0000           ; /*
 0000           ;  *    arch/cypress_psoc/kernel/setup.c
 0000           ;  *
 0000           ;  *    09-04-2004      yan     create this following linux, init. this arch 
 0000           ;  *
 0000           ;  */
 0000           ; 
 0000           ; #include "app.h"
 0000           ; 
 0000           ; extern void gpio_open(void);
 0000           ; #if (SERIAL_MOD==1)
 0000           ; extern void serial_open(void);
 0000           ; #endif
 0000           ; #if (I2C_MOD==1)
 0000           ; extern void i2c_open(void);
 0000           ; #endif
 0000           ; //#if (KB_MOD==1)
 0000           ; //extern void kb_open(void);
 0000           ; //#endif
 0000           ; 
 0000           ; void setup_arch(void)
 0000           ; {
 0000                   .dbline 23
 0000           ;       gpio_open();
 0000 7C0000            xcall _gpio_open
 0003                   .dbline 28
 0003           ; //#if (KB_MOD==1)
 0003           ; //    kb_open();
 0003           ; //#endif
 0003           ; #if (SERIAL_MOD==1)
 0003           ;       serial_open();
 0003 7C0000            xcall _serial_open
 0006                   .dbline -2
 0006                   .dbline 34
 0006           ; #endif
 0006           ; #if (I2C_MOD==1)
 0006           ;       i2c_open();
 0006           ; #endif
 0006           ; 
 0006           ; }
 0006           L1:
 0006                   .dbline 0 ; func end
 0006 7F                ret
 0007                   .dbend
